{"C:\\Users\\ronal\\Desktop\\hacktiv8\\notes\\express-sequelize\\index.js": {"path":"C:\\Users\\ronal\\Desktop\\hacktiv8\\notes\\express-sequelize\\index.js","statementMap":{"0":{"start":{"line":1,"column":0},"end":{"line":1,"column":27}},"1":{"start":{"line":2,"column":16},"end":{"line":2,"column":34}},"2":{"start":{"line":3,"column":12},"end":{"line":3,"column":21}},"3":{"start":{"line":5,"column":23},"end":{"line":5,"column":62}},"4":{"start":{"line":6,"column":23},"end":{"line":6,"column":62}},"5":{"start":{"line":7,"column":23},"end":{"line":7,"column":62}},"6":{"start":{"line":9,"column":19},"end":{"line":9,"column":56}},"7":{"start":{"line":10,"column":23},"end":{"line":10,"column":62}},"8":{"start":{"line":11,"column":22},"end":{"line":11,"column":60}},"9":{"start":{"line":13,"column":0},"end":{"line":13,"column":49}},"10":{"start":{"line":14,"column":0},"end":{"line":14,"column":24}},"11":{"start":{"line":17,"column":0},"end":{"line":17,"column":34}},"12":{"start":{"line":18,"column":0},"end":{"line":18,"column":47}},"13":{"start":{"line":19,"column":0},"end":{"line":19,"column":41}},"14":{"start":{"line":22,"column":0},"end":{"line":22,"column":24}},"15":{"start":{"line":24,"column":0},"end":{"line":24,"column":41}},"16":{"start":{"line":25,"column":0},"end":{"line":25,"column":42}},"17":{"start":{"line":28,"column":0},"end":{"line":32,"column":2}},"18":{"start":{"line":33,"column":0},"end":{"line":33,"column":66}},"19":{"start":{"line":34,"column":0},"end":{"line":34,"column":73}},"20":{"start":{"line":36,"column":0},"end":{"line":36,"column":20}},"21":{"start":{"line":38,"column":0},"end":{"line":38,"column":21}}},"fnMap":{},"branchMap":{},"s":{"0":3,"1":3,"2":3,"3":3,"4":3,"5":3,"6":3,"7":3,"8":3,"9":3,"10":3,"11":3,"12":3,"13":3,"14":3,"15":3,"16":3,"17":3,"18":3,"19":3,"20":3,"21":3},"f":{},"b":{},"_coverageSchema":"1a1c01bbd47fc00a2c39e90264f33305004495a9","hash":"fc8eb1ac6ce06d9d7dd168dd676e357d0f341ba1"}
,"C:\\Users\\ronal\\Desktop\\hacktiv8\\notes\\express-sequelize\\controllers\\authController.js": {"path":"C:\\Users\\ronal\\Desktop\\hacktiv8\\notes\\express-sequelize\\controllers\\authController.js","statementMap":{"0":{"start":{"line":1,"column":17},"end":{"line":1,"column":37}},"1":{"start":{"line":2,"column":28},"end":{"line":2,"column":56}},"2":{"start":{"line":3,"column":22},"end":{"line":3,"column":47}},"3":{"start":{"line":7,"column":4},"end":{"line":33,"column":5}},"4":{"start":{"line":8,"column":45},"end":{"line":8,"column":53}},"5":{"start":{"line":9,"column":6},"end":{"line":9,"column":52}},"6":{"start":{"line":9,"column":17},"end":{"line":9,"column":52}},"7":{"start":{"line":10,"column":6},"end":{"line":10,"column":50}},"8":{"start":{"line":10,"column":16},"end":{"line":10,"column":50}},"9":{"start":{"line":11,"column":6},"end":{"line":11,"column":54}},"10":{"start":{"line":11,"column":18},"end":{"line":11,"column":54}},"11":{"start":{"line":12,"column":6},"end":{"line":12,"column":60}},"12":{"start":{"line":12,"column":21},"end":{"line":12,"column":60}},"13":{"start":{"line":14,"column":24},"end":{"line":16,"column":8}},"14":{"start":{"line":17,"column":6},"end":{"line":17,"column":59}},"15":{"start":{"line":17,"column":21},"end":{"line":17,"column":59}},"16":{"start":{"line":19,"column":19},"end":{"line":24,"column":8}},"17":{"start":{"line":25,"column":6},"end":{"line":30,"column":9}},"18":{"start":{"line":32,"column":6},"end":{"line":32,"column":18}},"19":{"start":{"line":36,"column":4},"end":{"line":53,"column":5}},"20":{"start":{"line":37,"column":34},"end":{"line":37,"column":42}},"21":{"start":{"line":38,"column":6},"end":{"line":38,"column":54}},"22":{"start":{"line":38,"column":18},"end":{"line":38,"column":54}},"23":{"start":{"line":39,"column":6},"end":{"line":39,"column":60}},"24":{"start":{"line":39,"column":21},"end":{"line":39,"column":60}},"25":{"start":{"line":41,"column":19},"end":{"line":41,"column":59}},"26":{"start":{"line":42,"column":6},"end":{"line":42,"column":58}},"27":{"start":{"line":42,"column":17},"end":{"line":42,"column":58}},"28":{"start":{"line":44,"column":28},"end":{"line":44,"column":68}},"29":{"start":{"line":45,"column":6},"end":{"line":45,"column":67}},"30":{"start":{"line":45,"column":26},"end":{"line":45,"column":67}},"31":{"start":{"line":47,"column":22},"end":{"line":47,"column":37}},"32":{"start":{"line":48,"column":27},"end":{"line":48,"column":45}},"33":{"start":{"line":50,"column":6},"end":{"line":50,"column":45}},"34":{"start":{"line":52,"column":6},"end":{"line":52,"column":18}},"35":{"start":{"line":57,"column":0},"end":{"line":57,"column":32}}},"fnMap":{"0":{"name":"(anonymous_0)","decl":{"start":{"line":6,"column":2},"end":{"line":6,"column":3}},"loc":{"start":{"line":6,"column":40},"end":{"line":34,"column":3}},"line":6},"1":{"name":"(anonymous_1)","decl":{"start":{"line":35,"column":2},"end":{"line":35,"column":3}},"loc":{"start":{"line":35,"column":37},"end":{"line":54,"column":3}},"line":35}},"branchMap":{"0":{"loc":{"start":{"line":9,"column":6},"end":{"line":9,"column":52}},"type":"if","locations":[{"start":{"line":9,"column":6},"end":{"line":9,"column":52}},{"start":{},"end":{}}],"line":9},"1":{"loc":{"start":{"line":10,"column":6},"end":{"line":10,"column":50}},"type":"if","locations":[{"start":{"line":10,"column":6},"end":{"line":10,"column":50}},{"start":{},"end":{}}],"line":10},"2":{"loc":{"start":{"line":11,"column":6},"end":{"line":11,"column":54}},"type":"if","locations":[{"start":{"line":11,"column":6},"end":{"line":11,"column":54}},{"start":{},"end":{}}],"line":11},"3":{"loc":{"start":{"line":12,"column":6},"end":{"line":12,"column":60}},"type":"if","locations":[{"start":{"line":12,"column":6},"end":{"line":12,"column":60}},{"start":{},"end":{}}],"line":12},"4":{"loc":{"start":{"line":17,"column":6},"end":{"line":17,"column":59}},"type":"if","locations":[{"start":{"line":17,"column":6},"end":{"line":17,"column":59}},{"start":{},"end":{}}],"line":17},"5":{"loc":{"start":{"line":38,"column":6},"end":{"line":38,"column":54}},"type":"if","locations":[{"start":{"line":38,"column":6},"end":{"line":38,"column":54}},{"start":{},"end":{}}],"line":38},"6":{"loc":{"start":{"line":39,"column":6},"end":{"line":39,"column":60}},"type":"if","locations":[{"start":{"line":39,"column":6},"end":{"line":39,"column":60}},{"start":{},"end":{}}],"line":39},"7":{"loc":{"start":{"line":42,"column":6},"end":{"line":42,"column":58}},"type":"if","locations":[{"start":{"line":42,"column":6},"end":{"line":42,"column":58}},{"start":{},"end":{}}],"line":42},"8":{"loc":{"start":{"line":45,"column":6},"end":{"line":45,"column":67}},"type":"if","locations":[{"start":{"line":45,"column":6},"end":{"line":45,"column":67}},{"start":{},"end":{}}],"line":45}},"s":{"0":3,"1":3,"2":3,"3":8,"4":8,"5":8,"6":1,"7":7,"8":1,"9":6,"10":1,"11":5,"12":1,"13":4,"14":4,"15":1,"16":3,"17":1,"18":7,"19":5,"20":5,"21":5,"22":1,"23":4,"24":1,"25":3,"26":3,"27":1,"28":2,"29":2,"30":1,"31":1,"32":1,"33":1,"34":4,"35":3},"f":{"0":8,"1":5},"b":{"0":[1,7],"1":[1,6],"2":[1,5],"3":[1,4],"4":[1,3],"5":[1,4],"6":[1,3],"7":[1,2],"8":[1,1]},"_coverageSchema":"1a1c01bbd47fc00a2c39e90264f33305004495a9","hash":"66a3c232aac7f54e391b396fc93a17dd27f2e8e6"}
,"C:\\Users\\ronal\\Desktop\\hacktiv8\\notes\\express-sequelize\\controllers\\homeController.js": {"path":"C:\\Users\\ronal\\Desktop\\hacktiv8\\notes\\express-sequelize\\controllers\\homeController.js","statementMap":{"0":{"start":{"line":3,"column":4},"end":{"line":7,"column":5}},"1":{"start":{"line":4,"column":6},"end":{"line":4,"column":48}},"2":{"start":{"line":6,"column":6},"end":{"line":6,"column":18}},"3":{"start":{"line":11,"column":0},"end":{"line":11,"column":32}}},"fnMap":{"0":{"name":"(anonymous_0)","decl":{"start":{"line":2,"column":2},"end":{"line":2,"column":3}},"loc":{"start":{"line":2,"column":36},"end":{"line":8,"column":3}},"line":2}},"branchMap":{},"s":{"0":1,"1":1,"2":0,"3":3},"f":{"0":1},"b":{},"_coverageSchema":"1a1c01bbd47fc00a2c39e90264f33305004495a9","hash":"8aeaeb7504578d647d93e629262d121e84987a81"}
,"C:\\Users\\ronal\\Desktop\\hacktiv8\\notes\\express-sequelize\\controllers\\noteController.js": {"path":"C:\\Users\\ronal\\Desktop\\hacktiv8\\notes\\express-sequelize\\controllers\\noteController.js","statementMap":{"0":{"start":{"line":1,"column":17},"end":{"line":1,"column":37}},"1":{"start":{"line":6,"column":4},"end":{"line":14,"column":5}},"2":{"start":{"line":7,"column":19},"end":{"line":9,"column":8}},"3":{"start":{"line":10,"column":6},"end":{"line":10,"column":50}},"4":{"start":{"line":10,"column":17},"end":{"line":10,"column":50}},"5":{"start":{"line":11,"column":6},"end":{"line":11,"column":33}},"6":{"start":{"line":13,"column":6},"end":{"line":13,"column":18}},"7":{"start":{"line":17,"column":4},"end":{"line":31,"column":5}},"8":{"start":{"line":18,"column":37},"end":{"line":18,"column":45}},"9":{"start":{"line":19,"column":6},"end":{"line":19,"column":54}},"10":{"start":{"line":19,"column":18},"end":{"line":19,"column":54}},"11":{"start":{"line":21,"column":21},"end":{"line":21,"column":32}},"12":{"start":{"line":22,"column":6},"end":{"line":26,"column":9}},"13":{"start":{"line":28,"column":6},"end":{"line":28,"column":63}},"14":{"start":{"line":30,"column":6},"end":{"line":30,"column":18}},"15":{"start":{"line":36,"column":4},"end":{"line":49,"column":5}},"16":{"start":{"line":37,"column":21},"end":{"line":37,"column":34}},"17":{"start":{"line":38,"column":30},"end":{"line":38,"column":38}},"18":{"start":{"line":40,"column":19},"end":{"line":40,"column":46}},"19":{"start":{"line":41,"column":6},"end":{"line":41,"column":50}},"20":{"start":{"line":41,"column":17},"end":{"line":41,"column":50}},"21":{"start":{"line":43,"column":6},"end":{"line":43,"column":37}},"22":{"start":{"line":44,"column":6},"end":{"line":44,"column":24}},"23":{"start":{"line":46,"column":6},"end":{"line":46,"column":65}},"24":{"start":{"line":48,"column":6},"end":{"line":48,"column":18}},"25":{"start":{"line":52,"column":4},"end":{"line":67,"column":5}},"26":{"start":{"line":53,"column":21},"end":{"line":53,"column":34}},"27":{"start":{"line":54,"column":37},"end":{"line":54,"column":45}},"28":{"start":{"line":56,"column":19},"end":{"line":56,"column":46}},"29":{"start":{"line":57,"column":6},"end":{"line":57,"column":50}},"30":{"start":{"line":57,"column":17},"end":{"line":57,"column":50}},"31":{"start":{"line":58,"column":6},"end":{"line":58,"column":54}},"32":{"start":{"line":58,"column":18},"end":{"line":58,"column":54}},"33":{"start":{"line":60,"column":6},"end":{"line":60,"column":25}},"34":{"start":{"line":61,"column":6},"end":{"line":61,"column":37}},"35":{"start":{"line":62,"column":6},"end":{"line":62,"column":24}},"36":{"start":{"line":64,"column":6},"end":{"line":64,"column":65}},"37":{"start":{"line":66,"column":6},"end":{"line":66,"column":18}},"38":{"start":{"line":70,"column":4},"end":{"line":80,"column":5}},"39":{"start":{"line":71,"column":21},"end":{"line":71,"column":34}},"40":{"start":{"line":73,"column":19},"end":{"line":73,"column":46}},"41":{"start":{"line":74,"column":6},"end":{"line":74,"column":50}},"42":{"start":{"line":74,"column":17},"end":{"line":74,"column":50}},"43":{"start":{"line":75,"column":6},"end":{"line":75,"column":27}},"44":{"start":{"line":77,"column":6},"end":{"line":77,"column":65}},"45":{"start":{"line":79,"column":6},"end":{"line":79,"column":18}},"46":{"start":{"line":84,"column":0},"end":{"line":84,"column":32}}},"fnMap":{"0":{"name":"(anonymous_0)","decl":{"start":{"line":5,"column":2},"end":{"line":5,"column":3}},"loc":{"start":{"line":5,"column":39},"end":{"line":15,"column":3}},"line":5},"1":{"name":"(anonymous_1)","decl":{"start":{"line":16,"column":2},"end":{"line":16,"column":3}},"loc":{"start":{"line":16,"column":39},"end":{"line":32,"column":3}},"line":16},"2":{"name":"(anonymous_2)","decl":{"start":{"line":35,"column":2},"end":{"line":35,"column":3}},"loc":{"start":{"line":35,"column":47},"end":{"line":50,"column":3}},"line":35},"3":{"name":"(anonymous_3)","decl":{"start":{"line":51,"column":2},"end":{"line":51,"column":3}},"loc":{"start":{"line":51,"column":40},"end":{"line":68,"column":3}},"line":51},"4":{"name":"(anonymous_4)","decl":{"start":{"line":69,"column":2},"end":{"line":69,"column":3}},"loc":{"start":{"line":69,"column":42},"end":{"line":81,"column":3}},"line":69}},"branchMap":{"0":{"loc":{"start":{"line":10,"column":6},"end":{"line":10,"column":50}},"type":"if","locations":[{"start":{"line":10,"column":6},"end":{"line":10,"column":50}},{"start":{},"end":{}}],"line":10},"1":{"loc":{"start":{"line":19,"column":6},"end":{"line":19,"column":54}},"type":"if","locations":[{"start":{"line":19,"column":6},"end":{"line":19,"column":54}},{"start":{},"end":{}}],"line":19},"2":{"loc":{"start":{"line":41,"column":6},"end":{"line":41,"column":50}},"type":"if","locations":[{"start":{"line":41,"column":6},"end":{"line":41,"column":50}},{"start":{},"end":{}}],"line":41},"3":{"loc":{"start":{"line":57,"column":6},"end":{"line":57,"column":50}},"type":"if","locations":[{"start":{"line":57,"column":6},"end":{"line":57,"column":50}},{"start":{},"end":{}}],"line":57},"4":{"loc":{"start":{"line":58,"column":6},"end":{"line":58,"column":54}},"type":"if","locations":[{"start":{"line":58,"column":6},"end":{"line":58,"column":54}},{"start":{},"end":{}}],"line":58},"5":{"loc":{"start":{"line":74,"column":6},"end":{"line":74,"column":50}},"type":"if","locations":[{"start":{"line":74,"column":6},"end":{"line":74,"column":50}},{"start":{},"end":{}}],"line":74}},"s":{"0":3,"1":1,"2":1,"3":1,"4":0,"5":1,"6":0,"7":3,"8":3,"9":3,"10":1,"11":2,"12":2,"13":2,"14":1,"15":1,"16":1,"17":1,"18":1,"19":1,"20":0,"21":1,"22":1,"23":1,"24":0,"25":2,"26":2,"27":2,"28":2,"29":2,"30":0,"31":2,"32":1,"33":1,"34":1,"35":1,"36":1,"37":1,"38":1,"39":1,"40":1,"41":1,"42":0,"43":1,"44":1,"45":0,"46":3},"f":{"0":1,"1":3,"2":1,"3":2,"4":1},"b":{"0":[0,1],"1":[1,2],"2":[0,1],"3":[0,2],"4":[1,1],"5":[0,1]},"_coverageSchema":"1a1c01bbd47fc00a2c39e90264f33305004495a9","hash":"d555a8609d2de921db4dd5fabe446d482b70f2ee"}
,"C:\\Users\\ronal\\Desktop\\hacktiv8\\notes\\express-sequelize\\helpers\\bcrypt.js": {"path":"C:\\Users\\ronal\\Desktop\\hacktiv8\\notes\\express-sequelize\\helpers\\bcrypt.js","statementMap":{"0":{"start":{"line":1,"column":15},"end":{"line":1,"column":32}},"1":{"start":{"line":4,"column":2},"end":{"line":4,"column":54}},"2":{"start":{"line":7,"column":2},"end":{"line":7,"column":46}},"3":{"start":{"line":10,"column":0},"end":{"line":10,"column":51}}},"fnMap":{"0":{"name":"hashPassword","decl":{"start":{"line":3,"column":9},"end":{"line":3,"column":21}},"loc":{"start":{"line":3,"column":28},"end":{"line":5,"column":1}},"line":3},"1":{"name":"comparePassword","decl":{"start":{"line":6,"column":9},"end":{"line":6,"column":24}},"loc":{"start":{"line":6,"column":43},"end":{"line":8,"column":1}},"line":6}},"branchMap":{},"s":{"0":3,"1":3,"2":2,"3":3},"f":{"0":3,"1":2},"b":{},"_coverageSchema":"1a1c01bbd47fc00a2c39e90264f33305004495a9","hash":"a888dd1a16ed381f2c1bb43c7e816ff6dd645d84"}
,"C:\\Users\\ronal\\Desktop\\hacktiv8\\notes\\express-sequelize\\helpers\\jwt.js": {"path":"C:\\Users\\ronal\\Desktop\\hacktiv8\\notes\\express-sequelize\\helpers\\jwt.js","statementMap":{"0":{"start":{"line":1,"column":12},"end":{"line":1,"column":35}},"1":{"start":{"line":2,"column":15},"end":{"line":2,"column":37}},"2":{"start":{"line":5,"column":2},"end":{"line":5,"column":35}},"3":{"start":{"line":8,"column":2},"end":{"line":8,"column":35}},"4":{"start":{"line":10,"column":0},"end":{"line":10,"column":44}}},"fnMap":{"0":{"name":"signToken","decl":{"start":{"line":4,"column":9},"end":{"line":4,"column":18}},"loc":{"start":{"line":4,"column":28},"end":{"line":6,"column":1}},"line":4},"1":{"name":"verifyToken","decl":{"start":{"line":7,"column":9},"end":{"line":7,"column":20}},"loc":{"start":{"line":7,"column":28},"end":{"line":9,"column":1}},"line":7}},"branchMap":{},"s":{"0":3,"1":3,"2":3,"3":16,"4":3},"f":{"0":3,"1":16},"b":{},"_coverageSchema":"1a1c01bbd47fc00a2c39e90264f33305004495a9","hash":"00d8dcf3cf9a0826e5b722d8fbabfce57c592e5f"}
,"C:\\Users\\ronal\\Desktop\\hacktiv8\\notes\\express-sequelize\\middlewares\\authentication.js": {"path":"C:\\Users\\ronal\\Desktop\\hacktiv8\\notes\\express-sequelize\\middlewares\\authentication.js","statementMap":{"0":{"start":{"line":1,"column":24},"end":{"line":1,"column":49}},"1":{"start":{"line":2,"column":17},"end":{"line":2,"column":37}},"2":{"start":{"line":5,"column":2},"end":{"line":22,"column":3}},"3":{"start":{"line":6,"column":30},"end":{"line":6,"column":41}},"4":{"start":{"line":7,"column":4},"end":{"line":7,"column":56}},"5":{"start":{"line":7,"column":24},"end":{"line":7,"column":56}},"6":{"start":{"line":9,"column":33},"end":{"line":9,"column":57}},"7":{"start":{"line":10,"column":4},"end":{"line":10,"column":59}},"8":{"start":{"line":10,"column":27},"end":{"line":10,"column":59}},"9":{"start":{"line":12,"column":19},"end":{"line":12,"column":44}},"10":{"start":{"line":13,"column":4},"end":{"line":13,"column":49}},"11":{"start":{"line":13,"column":17},"end":{"line":13,"column":49}},"12":{"start":{"line":15,"column":17},"end":{"line":15,"column":47}},"13":{"start":{"line":16,"column":4},"end":{"line":16,"column":47}},"14":{"start":{"line":16,"column":15},"end":{"line":16,"column":47}},"15":{"start":{"line":18,"column":4},"end":{"line":18,"column":20}},"16":{"start":{"line":19,"column":4},"end":{"line":19,"column":11}},"17":{"start":{"line":21,"column":4},"end":{"line":21,"column":16}},"18":{"start":{"line":25,"column":0},"end":{"line":25,"column":32}}},"fnMap":{"0":{"name":"authentication","decl":{"start":{"line":4,"column":15},"end":{"line":4,"column":29}},"loc":{"start":{"line":4,"column":46},"end":{"line":23,"column":1}},"line":4}},"branchMap":{"0":{"loc":{"start":{"line":7,"column":4},"end":{"line":7,"column":56}},"type":"if","locations":[{"start":{"line":7,"column":4},"end":{"line":7,"column":56}},{"start":{},"end":{}}],"line":7},"1":{"loc":{"start":{"line":10,"column":4},"end":{"line":10,"column":59}},"type":"if","locations":[{"start":{"line":10,"column":4},"end":{"line":10,"column":59}},{"start":{},"end":{}}],"line":10},"2":{"loc":{"start":{"line":13,"column":4},"end":{"line":13,"column":49}},"type":"if","locations":[{"start":{"line":13,"column":4},"end":{"line":13,"column":49}},{"start":{},"end":{}}],"line":13},"3":{"loc":{"start":{"line":16,"column":4},"end":{"line":16,"column":47}},"type":"if","locations":[{"start":{"line":16,"column":4},"end":{"line":16,"column":47}},{"start":{},"end":{}}],"line":16}},"s":{"0":3,"1":3,"2":24,"3":24,"4":24,"5":5,"6":19,"7":19,"8":3,"9":16,"10":14,"11":0,"12":14,"13":14,"14":0,"15":14,"16":14,"17":10,"18":3},"f":{"0":24},"b":{"0":[5,19],"1":[3,16],"2":[0,14],"3":[0,14]},"_coverageSchema":"1a1c01bbd47fc00a2c39e90264f33305004495a9","hash":"9fcaf2410cee0bb6ea97aa06f8bbf95a9b9fee3f"}
,"C:\\Users\\ronal\\Desktop\\hacktiv8\\notes\\express-sequelize\\middlewares\\authorization.js": {"path":"C:\\Users\\ronal\\Desktop\\hacktiv8\\notes\\express-sequelize\\middlewares\\authorization.js","statementMap":{"0":{"start":{"line":1,"column":17},"end":{"line":1,"column":37}},"1":{"start":{"line":4,"column":2},"end":{"line":11,"column":3}},"2":{"start":{"line":5,"column":17},"end":{"line":5,"column":51}},"3":{"start":{"line":6,"column":4},"end":{"line":6,"column":48}},"4":{"start":{"line":6,"column":15},"end":{"line":6,"column":48}},"5":{"start":{"line":7,"column":4},"end":{"line":7,"column":77}},"6":{"start":{"line":7,"column":37},"end":{"line":7,"column":77}},"7":{"start":{"line":8,"column":4},"end":{"line":8,"column":11}},"8":{"start":{"line":10,"column":4},"end":{"line":10,"column":16}},"9":{"start":{"line":14,"column":0},"end":{"line":14,"column":31}}},"fnMap":{"0":{"name":"authorization","decl":{"start":{"line":3,"column":15},"end":{"line":3,"column":28}},"loc":{"start":{"line":3,"column":45},"end":{"line":12,"column":1}},"line":3}},"branchMap":{"0":{"loc":{"start":{"line":6,"column":4},"end":{"line":6,"column":48}},"type":"if","locations":[{"start":{"line":6,"column":4},"end":{"line":6,"column":48}},{"start":{},"end":{}}],"line":6},"1":{"loc":{"start":{"line":7,"column":4},"end":{"line":7,"column":77}},"type":"if","locations":[{"start":{"line":7,"column":4},"end":{"line":7,"column":77}},{"start":{},"end":{}}],"line":7}},"s":{"0":3,"1":10,"2":10,"3":10,"4":3,"5":7,"6":3,"7":4,"8":6,"9":3},"f":{"0":10},"b":{"0":[3,7],"1":[3,4]},"_coverageSchema":"1a1c01bbd47fc00a2c39e90264f33305004495a9","hash":"18fa70da1a56fb03eeaf000c705df61286d0598b"}
,"C:\\Users\\ronal\\Desktop\\hacktiv8\\notes\\express-sequelize\\middlewares\\errorHandler.js": {"path":"C:\\Users\\ronal\\Desktop\\hacktiv8\\notes\\express-sequelize\\middlewares\\errorHandler.js","statementMap":{"0":{"start":{"line":2,"column":2},"end":{"line":42,"column":3}},"1":{"start":{"line":5,"column":21},"end":{"line":5,"column":44}},"2":{"start":{"line":6,"column":6},"end":{"line":6,"column":48}},"3":{"start":{"line":7,"column":6},"end":{"line":7,"column":12}},"4":{"start":{"line":10,"column":6},"end":{"line":10,"column":57}},"5":{"start":{"line":11,"column":6},"end":{"line":11,"column":12}},"6":{"start":{"line":13,"column":6},"end":{"line":13,"column":60}},"7":{"start":{"line":14,"column":6},"end":{"line":14,"column":12}},"8":{"start":{"line":16,"column":6},"end":{"line":16,"column":59}},"9":{"start":{"line":17,"column":6},"end":{"line":17,"column":12}},"10":{"start":{"line":19,"column":6},"end":{"line":19,"column":61}},"11":{"start":{"line":20,"column":6},"end":{"line":20,"column":12}},"12":{"start":{"line":22,"column":6},"end":{"line":22,"column":64}},"13":{"start":{"line":23,"column":6},"end":{"line":23,"column":12}},"14":{"start":{"line":25,"column":6},"end":{"line":25,"column":61}},"15":{"start":{"line":26,"column":6},"end":{"line":26,"column":12}},"16":{"start":{"line":28,"column":6},"end":{"line":28,"column":66}},"17":{"start":{"line":29,"column":6},"end":{"line":29,"column":12}},"18":{"start":{"line":31,"column":6},"end":{"line":31,"column":63}},"19":{"start":{"line":32,"column":6},"end":{"line":32,"column":12}},"20":{"start":{"line":34,"column":6},"end":{"line":34,"column":65}},"21":{"start":{"line":35,"column":6},"end":{"line":35,"column":12}},"22":{"start":{"line":37,"column":6},"end":{"line":37,"column":58}},"23":{"start":{"line":38,"column":6},"end":{"line":38,"column":12}},"24":{"start":{"line":40,"column":6},"end":{"line":40,"column":65}},"25":{"start":{"line":41,"column":6},"end":{"line":41,"column":12}},"26":{"start":{"line":45,"column":0},"end":{"line":45,"column":28}}},"fnMap":{"0":{"name":"errHandler","decl":{"start":{"line":1,"column":15},"end":{"line":1,"column":25}},"loc":{"start":{"line":1,"column":49},"end":{"line":43,"column":1}},"line":1}},"branchMap":{"0":{"loc":{"start":{"line":2,"column":2},"end":{"line":42,"column":3}},"type":"switch","locations":[{"start":{"line":3,"column":4},"end":{"line":3,"column":36}},{"start":{"line":4,"column":4},"end":{"line":7,"column":12}},{"start":{"line":8,"column":4},"end":{"line":8,"column":29}},{"start":{"line":9,"column":4},"end":{"line":11,"column":12}},{"start":{"line":12,"column":4},"end":{"line":14,"column":12}},{"start":{"line":15,"column":4},"end":{"line":17,"column":12}},{"start":{"line":18,"column":4},"end":{"line":20,"column":12}},{"start":{"line":21,"column":4},"end":{"line":23,"column":12}},{"start":{"line":24,"column":4},"end":{"line":26,"column":12}},{"start":{"line":27,"column":4},"end":{"line":29,"column":12}},{"start":{"line":30,"column":4},"end":{"line":32,"column":12}},{"start":{"line":33,"column":4},"end":{"line":35,"column":12}},{"start":{"line":36,"column":4},"end":{"line":38,"column":12}},{"start":{"line":39,"column":4},"end":{"line":41,"column":12}}],"line":2}},"s":{"0":29,"1":2,"2":2,"3":2,"4":10,"5":10,"6":1,"7":1,"8":1,"9":1,"10":2,"11":2,"12":2,"13":2,"14":2,"15":2,"16":2,"17":2,"18":1,"19":1,"20":3,"21":3,"22":3,"23":3,"24":0,"25":0,"26":3},"f":{"0":29},"b":{"0":[2,2,2,10,1,1,2,2,2,2,1,3,3,0]},"_coverageSchema":"1a1c01bbd47fc00a2c39e90264f33305004495a9","hash":"1564e861b88be9327ded06859144e9a3ca162d57"}
,"C:\\Users\\ronal\\Desktop\\hacktiv8\\notes\\express-sequelize\\models\\index.js": {"path":"C:\\Users\\ronal\\Desktop\\hacktiv8\\notes\\express-sequelize\\models\\index.js","statementMap":{"0":{"start":{"line":3,"column":11},"end":{"line":3,"column":24}},"1":{"start":{"line":4,"column":13},"end":{"line":4,"column":28}},"2":{"start":{"line":5,"column":18},"end":{"line":5,"column":38}},"3":{"start":{"line":6,"column":16},"end":{"line":6,"column":34}},"4":{"start":{"line":7,"column":17},"end":{"line":7,"column":42}},"5":{"start":{"line":8,"column":12},"end":{"line":8,"column":49}},"6":{"start":{"line":9,"column":15},"end":{"line":9,"column":65}},"7":{"start":{"line":10,"column":11},"end":{"line":10,"column":13}},"8":{"start":{"line":13,"column":0},"end":{"line":17,"column":1}},"9":{"start":{"line":14,"column":2},"end":{"line":14,"column":74}},"10":{"start":{"line":16,"column":2},"end":{"line":16,"column":87}},"11":{"start":{"line":19,"column":0},"end":{"line":32,"column":5}},"12":{"start":{"line":22,"column":4},"end":{"line":27,"column":6}},"13":{"start":{"line":30,"column":18},"end":{"line":30,"column":85}},"14":{"start":{"line":31,"column":4},"end":{"line":31,"column":27}},"15":{"start":{"line":34,"column":0},"end":{"line":38,"column":3}},"16":{"start":{"line":35,"column":2},"end":{"line":37,"column":3}},"17":{"start":{"line":36,"column":4},"end":{"line":36,"column":32}},"18":{"start":{"line":40,"column":0},"end":{"line":40,"column":25}},"19":{"start":{"line":41,"column":0},"end":{"line":41,"column":25}},"20":{"start":{"line":43,"column":0},"end":{"line":43,"column":20}}},"fnMap":{"0":{"name":"(anonymous_0)","decl":{"start":{"line":21,"column":10},"end":{"line":21,"column":11}},"loc":{"start":{"line":21,"column":18},"end":{"line":28,"column":3}},"line":21},"1":{"name":"(anonymous_1)","decl":{"start":{"line":29,"column":11},"end":{"line":29,"column":12}},"loc":{"start":{"line":29,"column":19},"end":{"line":32,"column":3}},"line":29},"2":{"name":"(anonymous_2)","decl":{"start":{"line":34,"column":24},"end":{"line":34,"column":25}},"loc":{"start":{"line":34,"column":37},"end":{"line":38,"column":1}},"line":34}},"branchMap":{"0":{"loc":{"start":{"line":8,"column":12},"end":{"line":8,"column":49}},"type":"binary-expr","locations":[{"start":{"line":8,"column":12},"end":{"line":8,"column":32}},{"start":{"line":8,"column":36},"end":{"line":8,"column":49}}],"line":8},"1":{"loc":{"start":{"line":13,"column":0},"end":{"line":17,"column":1}},"type":"if","locations":[{"start":{"line":13,"column":0},"end":{"line":17,"column":1}},{"start":{"line":15,"column":7},"end":{"line":17,"column":1}}],"line":13},"2":{"loc":{"start":{"line":23,"column":6},"end":{"line":26,"column":37}},"type":"binary-expr","locations":[{"start":{"line":23,"column":6},"end":{"line":23,"column":29}},{"start":{"line":24,"column":6},"end":{"line":24,"column":23}},{"start":{"line":25,"column":6},"end":{"line":25,"column":30}},{"start":{"line":26,"column":6},"end":{"line":26,"column":37}}],"line":23},"3":{"loc":{"start":{"line":35,"column":2},"end":{"line":37,"column":3}},"type":"if","locations":[{"start":{"line":35,"column":2},"end":{"line":37,"column":3}},{"start":{},"end":{}}],"line":35}},"s":{"0":3,"1":3,"2":3,"3":3,"4":3,"5":3,"6":3,"7":3,"8":3,"9":0,"10":3,"11":3,"12":9,"13":6,"14":6,"15":3,"16":6,"17":6,"18":3,"19":3,"20":3},"f":{"0":9,"1":6,"2":6},"b":{"0":[3,0],"1":[0,3],"2":[9,9,6,6],"3":[6,0]},"_coverageSchema":"1a1c01bbd47fc00a2c39e90264f33305004495a9","hash":"9a2c0176cbd358dfbbc9f938db755b5bd2c5e8ee"}
,"C:\\Users\\ronal\\Desktop\\hacktiv8\\notes\\express-sequelize\\models\\note.js": {"path":"C:\\Users\\ronal\\Desktop\\hacktiv8\\notes\\express-sequelize\\models\\note.js","statementMap":{"0":{"start":{"line":2,"column":18},"end":{"line":2,"column":38}},"1":{"start":{"line":4,"column":0},"end":{"line":42,"column":2}},"2":{"start":{"line":7,"column":6},"end":{"line":9,"column":9}},"3":{"start":{"line":12,"column":2},"end":{"line":40,"column":4}},"4":{"start":{"line":41,"column":2},"end":{"line":41,"column":14}}},"fnMap":{"0":{"name":"(anonymous_0)","decl":{"start":{"line":4,"column":17},"end":{"line":4,"column":18}},"loc":{"start":{"line":4,"column":43},"end":{"line":42,"column":1}},"line":4},"1":{"name":"(anonymous_1)","decl":{"start":{"line":6,"column":4},"end":{"line":6,"column":5}},"loc":{"start":{"line":6,"column":29},"end":{"line":10,"column":5}},"line":6}},"branchMap":{},"s":{"0":3,"1":3,"2":3,"3":3,"4":3},"f":{"0":3,"1":3},"b":{},"_coverageSchema":"1a1c01bbd47fc00a2c39e90264f33305004495a9","hash":"f8dad5eedc7fea645f4f96f88f8ac6e5d1694c23"}
,"C:\\Users\\ronal\\Desktop\\hacktiv8\\notes\\express-sequelize\\models\\user.js": {"path":"C:\\Users\\ronal\\Desktop\\hacktiv8\\notes\\express-sequelize\\models\\user.js","statementMap":{"0":{"start":{"line":2,"column":25},"end":{"line":2,"column":53}},"1":{"start":{"line":3,"column":18},"end":{"line":3,"column":38}},"2":{"start":{"line":5,"column":0},"end":{"line":63,"column":2}},"3":{"start":{"line":8,"column":6},"end":{"line":10,"column":9}},"4":{"start":{"line":13,"column":2},"end":{"line":58,"column":4}},"5":{"start":{"line":59,"column":2},"end":{"line":61,"column":5}},"6":{"start":{"line":60,"column":4},"end":{"line":60,"column":48}},"7":{"start":{"line":62,"column":2},"end":{"line":62,"column":14}}},"fnMap":{"0":{"name":"(anonymous_0)","decl":{"start":{"line":5,"column":17},"end":{"line":5,"column":18}},"loc":{"start":{"line":5,"column":43},"end":{"line":63,"column":1}},"line":5},"1":{"name":"(anonymous_1)","decl":{"start":{"line":7,"column":4},"end":{"line":7,"column":5}},"loc":{"start":{"line":7,"column":29},"end":{"line":11,"column":5}},"line":7},"2":{"name":"(anonymous_2)","decl":{"start":{"line":59,"column":20},"end":{"line":59,"column":21}},"loc":{"start":{"line":59,"column":30},"end":{"line":61,"column":3}},"line":59}},"branchMap":{},"s":{"0":3,"1":3,"2":3,"3":3,"4":3,"5":3,"6":3,"7":3},"f":{"0":3,"1":3,"2":3},"b":{},"_coverageSchema":"1a1c01bbd47fc00a2c39e90264f33305004495a9","hash":"29453f360eacf3733ffb569e9799329a30c98670"}
}
