TN:
SF:index.js
FNF:0
FNH:0
DA:1,3
DA:2,3
DA:3,3
DA:5,3
DA:6,3
DA:7,3
DA:9,3
DA:10,3
DA:11,3
DA:13,3
DA:14,3
DA:17,3
DA:18,3
DA:19,3
DA:22,3
DA:24,3
DA:25,3
DA:28,3
DA:33,3
DA:34,3
DA:36,3
DA:38,3
LF:22
LH:22
BRF:0
BRH:0
end_of_record
TN:
SF:controllers\authController.js
FN:6,(anonymous_0)
FN:35,(anonymous_1)
FNF:2
FNH:2
FNDA:8,(anonymous_0)
FNDA:5,(anonymous_1)
DA:1,3
DA:2,3
DA:3,3
DA:7,8
DA:8,8
DA:9,8
DA:10,7
DA:11,6
DA:12,5
DA:14,4
DA:17,4
DA:19,3
DA:25,1
DA:32,7
DA:36,5
DA:37,5
DA:38,5
DA:39,4
DA:41,3
DA:42,3
DA:44,2
DA:45,2
DA:47,1
DA:48,1
DA:50,1
DA:52,4
DA:57,3
LF:27
LH:27
BRDA:9,0,0,1
BRDA:9,0,1,7
BRDA:10,1,0,1
BRDA:10,1,1,6
BRDA:11,2,0,1
BRDA:11,2,1,5
BRDA:12,3,0,1
BRDA:12,3,1,4
BRDA:17,4,0,1
BRDA:17,4,1,3
BRDA:38,5,0,1
BRDA:38,5,1,4
BRDA:39,6,0,1
BRDA:39,6,1,3
BRDA:42,7,0,1
BRDA:42,7,1,2
BRDA:45,8,0,1
BRDA:45,8,1,1
BRF:18
BRH:18
end_of_record
TN:
SF:controllers\homeController.js
FN:2,(anonymous_0)
FNF:1
FNH:1
FNDA:1,(anonymous_0)
DA:3,1
DA:4,1
DA:6,0
DA:11,3
LF:4
LH:3
BRF:0
BRH:0
end_of_record
TN:
SF:controllers\noteController.js
FN:5,(anonymous_0)
FN:16,(anonymous_1)
FN:35,(anonymous_2)
FN:51,(anonymous_3)
FN:69,(anonymous_4)
FNF:5
FNH:5
FNDA:1,(anonymous_0)
FNDA:3,(anonymous_1)
FNDA:1,(anonymous_2)
FNDA:2,(anonymous_3)
FNDA:1,(anonymous_4)
DA:1,3
DA:6,1
DA:7,1
DA:10,1
DA:11,1
DA:13,0
DA:17,3
DA:18,3
DA:19,3
DA:21,2
DA:22,2
DA:28,2
DA:30,1
DA:36,1
DA:37,1
DA:38,1
DA:40,1
DA:41,1
DA:43,1
DA:44,1
DA:46,1
DA:48,0
DA:52,2
DA:53,2
DA:54,2
DA:56,2
DA:57,2
DA:58,2
DA:60,1
DA:61,1
DA:62,1
DA:64,1
DA:66,1
DA:70,1
DA:71,1
DA:73,1
DA:74,1
DA:75,1
DA:77,1
DA:79,0
DA:84,3
LF:41
LH:38
BRDA:10,0,0,0
BRDA:10,0,1,1
BRDA:19,1,0,1
BRDA:19,1,1,2
BRDA:41,2,0,0
BRDA:41,2,1,1
BRDA:57,3,0,0
BRDA:57,3,1,2
BRDA:58,4,0,1
BRDA:58,4,1,1
BRDA:74,5,0,0
BRDA:74,5,1,1
BRF:12
BRH:8
end_of_record
TN:
SF:helpers\bcrypt.js
FN:3,hashPassword
FN:6,comparePassword
FNF:2
FNH:2
FNDA:3,hashPassword
FNDA:2,comparePassword
DA:1,3
DA:4,3
DA:7,2
DA:10,3
LF:4
LH:4
BRF:0
BRH:0
end_of_record
TN:
SF:helpers\jwt.js
FN:4,signToken
FN:7,verifyToken
FNF:2
FNH:2
FNDA:3,signToken
FNDA:16,verifyToken
DA:1,3
DA:2,3
DA:5,3
DA:8,16
DA:10,3
LF:5
LH:5
BRF:0
BRH:0
end_of_record
TN:
SF:middlewares\authentication.js
FN:4,authentication
FNF:1
FNH:1
FNDA:24,authentication
DA:1,3
DA:2,3
DA:5,24
DA:6,24
DA:7,24
DA:9,19
DA:10,19
DA:12,16
DA:13,14
DA:15,14
DA:16,14
DA:18,14
DA:19,14
DA:21,10
DA:25,3
LF:15
LH:15
BRDA:7,0,0,5
BRDA:7,0,1,19
BRDA:10,1,0,3
BRDA:10,1,1,16
BRDA:13,2,0,0
BRDA:13,2,1,14
BRDA:16,3,0,0
BRDA:16,3,1,14
BRF:8
BRH:6
end_of_record
TN:
SF:middlewares\authorization.js
FN:3,authorization
FNF:1
FNH:1
FNDA:10,authorization
DA:1,3
DA:4,10
DA:5,10
DA:6,10
DA:7,7
DA:8,4
DA:10,6
DA:14,3
LF:8
LH:8
BRDA:6,0,0,3
BRDA:6,0,1,7
BRDA:7,1,0,3
BRDA:7,1,1,4
BRF:4
BRH:4
end_of_record
TN:
SF:middlewares\errorHandler.js
FN:1,errHandler
FNF:1
FNH:1
FNDA:29,errHandler
DA:2,29
DA:5,2
DA:6,2
DA:7,2
DA:10,10
DA:11,10
DA:13,1
DA:14,1
DA:16,1
DA:17,1
DA:19,2
DA:20,2
DA:22,2
DA:23,2
DA:25,2
DA:26,2
DA:28,2
DA:29,2
DA:31,1
DA:32,1
DA:34,3
DA:35,3
DA:37,3
DA:38,3
DA:40,0
DA:41,0
DA:45,3
LF:27
LH:25
BRDA:2,0,0,2
BRDA:2,0,1,2
BRDA:2,0,2,2
BRDA:2,0,3,10
BRDA:2,0,4,1
BRDA:2,0,5,1
BRDA:2,0,6,2
BRDA:2,0,7,2
BRDA:2,0,8,2
BRDA:2,0,9,2
BRDA:2,0,10,1
BRDA:2,0,11,3
BRDA:2,0,12,3
BRDA:2,0,13,0
BRF:14
BRH:13
end_of_record
TN:
SF:models\index.js
FN:21,(anonymous_0)
FN:29,(anonymous_1)
FN:34,(anonymous_2)
FNF:3
FNH:3
FNDA:9,(anonymous_0)
FNDA:6,(anonymous_1)
FNDA:6,(anonymous_2)
DA:3,3
DA:4,3
DA:5,3
DA:6,3
DA:7,3
DA:8,3
DA:9,3
DA:10,3
DA:13,3
DA:14,0
DA:16,3
DA:19,3
DA:22,9
DA:30,6
DA:31,6
DA:34,3
DA:35,6
DA:36,6
DA:40,3
DA:41,3
DA:43,3
LF:21
LH:20
BRDA:8,0,0,3
BRDA:8,0,1,0
BRDA:13,1,0,0
BRDA:13,1,1,3
BRDA:23,2,0,9
BRDA:23,2,1,9
BRDA:23,2,2,6
BRDA:23,2,3,6
BRDA:35,3,0,6
BRDA:35,3,1,0
BRF:10
BRH:7
end_of_record
TN:
SF:models\note.js
FN:4,(anonymous_0)
FN:6,(anonymous_1)
FNF:2
FNH:2
FNDA:3,(anonymous_0)
FNDA:3,(anonymous_1)
DA:2,3
DA:4,3
DA:7,3
DA:12,3
DA:41,3
LF:5
LH:5
BRF:0
BRH:0
end_of_record
TN:
SF:models\user.js
FN:5,(anonymous_0)
FN:7,(anonymous_1)
FN:59,(anonymous_2)
FNF:3
FNH:3
FNDA:3,(anonymous_0)
FNDA:3,(anonymous_1)
FNDA:3,(anonymous_2)
DA:2,3
DA:3,3
DA:5,3
DA:8,3
DA:13,3
DA:59,3
DA:60,3
DA:62,3
LF:8
LH:8
BRF:0
BRH:0
end_of_record
